22:51:30.668 INFO [GridLauncherV3.parse] - Selenium server version: 3.141.59, revision: e82be7d358
22:51:30.738 INFO [GridLauncherV3.lambda$buildLaunchers$3] - Launching a standalone Selenium Server on port 4444
2021-01-15 22:51:30.793:INFO::main: Logging initialized @312ms to org.seleniumhq.jetty9.util.log.StdErrLog
22:51:31.013 INFO [WebDriverServlet.<init>] - Initialising WebDriverServlet
22:51:31.193 INFO [SeleniumServer.boot] - Selenium Server is up and running on port 4444
22:51:35.831 INFO [ActiveSessionFactory.apply] - Capabilities are: {
  "acceptSslCerts": true,
  "browserName": "chrome",
  "chromeOptions": {
    "w3c": false,
    "args": [
      "disable-gpu"
    ]
  },
  "javascriptEnabled": true,
  "name": "Register"
}
22:51:35.833 INFO [ActiveSessionFactory.lambda$apply$11] - Matched factory org.openqa.selenium.grid.session.remote.ServicedSession$Factory (provider: org.openqa.selenium.chrome.ChromeDriverService)
Starting ChromeDriver 87.0.4280.20 (c99e81631faa0b2a448e658c0dbd8311fb04ddbd-refs/branch-heads/4280@{#355}) on port 25393
Only local connections are allowed.
Please see https://chromedriver.chromium.org/security-considerations for suggestions on keeping ChromeDriver safe.
ChromeDriver was started successfully.
22:51:39.186 INFO [ProtocolHandshake.createSession] - Detected dialect: OSS
22:51:39.407 INFO [RemoteSession$Factory.lambda$performHandshake$0] - Started new session d114630c5aa0187e39dcace126ca53b2 (org.openqa.selenium.chrome.ChromeDriverService)
22:51:46.898 INFO [ActiveSessions$1.onStop] - Removing session d114630c5aa0187e39dcace126ca53b2 (org.openqa.selenium.chrome.ChromeDriverService)
